{
  "stats": {
    "suites": 1,
    "tests": 18,
    "passes": 18,
    "pending": 0,
    "failures": 0,
    "start": "2021-08-03T14:03:33.408Z",
    "end": "2021-08-03T14:03:41.845Z",
    "duration": 8437,
    "testsRegistered": 18,
    "passPercent": 100,
    "pendingPercent": 0,
    "other": 0,
    "hasOther": false,
    "skipped": 0,
    "hasSkipped": false
  },
  "results": [
    {
      "uuid": "42a449c9-0259-46d0-bf62-3febfbe4f9db",
      "title": "",
      "fullFile": "cypress/integration/2-advanced-examples/traversal.spec.js",
      "file": "cypress/integration/2-advanced-examples/traversal.spec.js",
      "beforeHooks": [],
      "afterHooks": [],
      "tests": [],
      "suites": [
        {
          "uuid": "13d3a584-2c21-4ef8-8c87-eebf1ac298fe",
          "title": "Traversal",
          "fullFile": "",
          "file": "",
          "beforeHooks": [],
          "afterHooks": [],
          "tests": [
            {
              "title": ".children() - get child DOM elements",
              "fullTitle": "Traversal .children() - get child DOM elements",
              "timedOut": null,
              "duration": 835,
              "state": "passed",
              "speed": "slow",
              "pass": true,
              "fail": false,
              "pending": false,
              "context": "\"videos/2-advanced-examples/traversal.spec.js.mp4\"",
              "code": "// https://on.cypress.io/children\ncy.get('.traversal-breadcrumb').children('.active').should('contain', 'Data');",
              "err": {},
              "uuid": "4300d366-26b9-4f09-a0c5-140b85cb5d8d",
              "parentUUID": "13d3a584-2c21-4ef8-8c87-eebf1ac298fe",
              "isHook": false,
              "skipped": false
            },
            {
              "title": ".closest() - get closest ancestor DOM element",
              "fullTitle": "Traversal .closest() - get closest ancestor DOM element",
              "timedOut": null,
              "duration": 342,
              "state": "passed",
              "speed": "slow",
              "pass": true,
              "fail": false,
              "pending": false,
              "context": "\"videos/2-advanced-examples/traversal.spec.js.mp4\"",
              "code": "// https://on.cypress.io/closest\ncy.get('.traversal-badge').closest('ul').should('have.class', 'list-group');",
              "err": {},
              "uuid": "b0569573-72c4-434a-9902-da352d3e26be",
              "parentUUID": "13d3a584-2c21-4ef8-8c87-eebf1ac298fe",
              "isHook": false,
              "skipped": false
            },
            {
              "title": ".eq() - get a DOM element at a specific index",
              "fullTitle": "Traversal .eq() - get a DOM element at a specific index",
              "timedOut": null,
              "duration": 439,
              "state": "passed",
              "speed": "slow",
              "pass": true,
              "fail": false,
              "pending": false,
              "context": "\"videos/2-advanced-examples/traversal.spec.js.mp4\"",
              "code": "// https://on.cypress.io/eq\ncy.get('.traversal-list>li').eq(1).should('contain', 'siamese');",
              "err": {},
              "uuid": "0a35d9cf-2128-4aac-915d-a6963656d3ae",
              "parentUUID": "13d3a584-2c21-4ef8-8c87-eebf1ac298fe",
              "isHook": false,
              "skipped": false
            },
            {
              "title": ".filter() - get DOM elements that match the selector",
              "fullTitle": "Traversal .filter() - get DOM elements that match the selector",
              "timedOut": null,
              "duration": 304,
              "state": "passed",
              "speed": "slow",
              "pass": true,
              "fail": false,
              "pending": false,
              "context": "\"videos/2-advanced-examples/traversal.spec.js.mp4\"",
              "code": "// https://on.cypress.io/filter\ncy.get('.traversal-nav>li').filter('.active').should('contain', 'About');",
              "err": {},
              "uuid": "bde0a8e3-cddb-4fcd-bc57-27d11cf32cb5",
              "parentUUID": "13d3a584-2c21-4ef8-8c87-eebf1ac298fe",
              "isHook": false,
              "skipped": false
            },
            {
              "title": ".find() - get descendant DOM elements of the selector",
              "fullTitle": "Traversal .find() - get descendant DOM elements of the selector",
              "timedOut": null,
              "duration": 322,
              "state": "passed",
              "speed": "slow",
              "pass": true,
              "fail": false,
              "pending": false,
              "context": "\"videos/2-advanced-examples/traversal.spec.js.mp4\"",
              "code": "// https://on.cypress.io/find\ncy.get('.traversal-pagination').find('li').find('a').should('have.length', 7);",
              "err": {},
              "uuid": "d954e5ac-09e9-416f-8d62-1672748e0e4f",
              "parentUUID": "13d3a584-2c21-4ef8-8c87-eebf1ac298fe",
              "isHook": false,
              "skipped": false
            },
            {
              "title": ".first() - get first DOM element",
              "fullTitle": "Traversal .first() - get first DOM element",
              "timedOut": null,
              "duration": 279,
              "state": "passed",
              "speed": "slow",
              "pass": true,
              "fail": false,
              "pending": false,
              "context": "\"videos/2-advanced-examples/traversal.spec.js.mp4\"",
              "code": "// https://on.cypress.io/first\ncy.get('.traversal-table td').first().should('contain', '1');",
              "err": {},
              "uuid": "2797d11a-a9a0-4e7d-9ee5-a17e5fcdbe40",
              "parentUUID": "13d3a584-2c21-4ef8-8c87-eebf1ac298fe",
              "isHook": false,
              "skipped": false
            },
            {
              "title": ".last() - get last DOM element",
              "fullTitle": "Traversal .last() - get last DOM element",
              "timedOut": null,
              "duration": 401,
              "state": "passed",
              "speed": "slow",
              "pass": true,
              "fail": false,
              "pending": false,
              "context": "\"videos/2-advanced-examples/traversal.spec.js.mp4\"",
              "code": "// https://on.cypress.io/last\ncy.get('.traversal-buttons .btn').last().should('contain', 'Submit');",
              "err": {},
              "uuid": "a241abbc-6f8e-4a5a-8abd-b415aa69921a",
              "parentUUID": "13d3a584-2c21-4ef8-8c87-eebf1ac298fe",
              "isHook": false,
              "skipped": false
            },
            {
              "title": ".next() - get next sibling DOM element",
              "fullTitle": "Traversal .next() - get next sibling DOM element",
              "timedOut": null,
              "duration": 304,
              "state": "passed",
              "speed": "slow",
              "pass": true,
              "fail": false,
              "pending": false,
              "context": "\"videos/2-advanced-examples/traversal.spec.js.mp4\"",
              "code": "// https://on.cypress.io/next\ncy.get('.traversal-ul').contains('apples').next().should('contain', 'oranges');",
              "err": {},
              "uuid": "5814c059-2979-4944-8244-eedc7e5a6b11",
              "parentUUID": "13d3a584-2c21-4ef8-8c87-eebf1ac298fe",
              "isHook": false,
              "skipped": false
            },
            {
              "title": ".nextAll() - get all next sibling DOM elements",
              "fullTitle": "Traversal .nextAll() - get all next sibling DOM elements",
              "timedOut": null,
              "duration": 337,
              "state": "passed",
              "speed": "slow",
              "pass": true,
              "fail": false,
              "pending": false,
              "context": "\"videos/2-advanced-examples/traversal.spec.js.mp4\"",
              "code": "// https://on.cypress.io/nextall\ncy.get('.traversal-next-all').contains('oranges').nextAll().should('have.length', 3);",
              "err": {},
              "uuid": "55e2da50-6f1a-4782-a8e7-e300075dc925",
              "parentUUID": "13d3a584-2c21-4ef8-8c87-eebf1ac298fe",
              "isHook": false,
              "skipped": false
            },
            {
              "title": ".nextUntil() - get next sibling DOM elements until next el",
              "fullTitle": "Traversal .nextUntil() - get next sibling DOM elements until next el",
              "timedOut": null,
              "duration": 323,
              "state": "passed",
              "speed": "slow",
              "pass": true,
              "fail": false,
              "pending": false,
              "context": "\"videos/2-advanced-examples/traversal.spec.js.mp4\"",
              "code": "// https://on.cypress.io/nextuntil\ncy.get('#veggies').nextUntil('#nuts').should('have.length', 3);",
              "err": {},
              "uuid": "c6ce7ffa-6a68-4577-94eb-5537fe759945",
              "parentUUID": "13d3a584-2c21-4ef8-8c87-eebf1ac298fe",
              "isHook": false,
              "skipped": false
            },
            {
              "title": ".not() - remove DOM elements from set of DOM elements",
              "fullTitle": "Traversal .not() - remove DOM elements from set of DOM elements",
              "timedOut": null,
              "duration": 262,
              "state": "passed",
              "speed": "slow",
              "pass": true,
              "fail": false,
              "pending": false,
              "context": "\"videos/2-advanced-examples/traversal.spec.js.mp4\"",
              "code": "// https://on.cypress.io/not\ncy.get('.traversal-disabled .btn').not('[disabled]').should('not.contain', 'Disabled');",
              "err": {},
              "uuid": "b1aa6fae-5010-4a89-8008-92c14c6d9c46",
              "parentUUID": "13d3a584-2c21-4ef8-8c87-eebf1ac298fe",
              "isHook": false,
              "skipped": false
            },
            {
              "title": ".parent() - get parent DOM element from DOM elements",
              "fullTitle": "Traversal .parent() - get parent DOM element from DOM elements",
              "timedOut": null,
              "duration": 325,
              "state": "passed",
              "speed": "slow",
              "pass": true,
              "fail": false,
              "pending": false,
              "context": "\"videos/2-advanced-examples/traversal.spec.js.mp4\"",
              "code": "// https://on.cypress.io/parent\ncy.get('.traversal-mark').parent().should('contain', 'Morbi leo risus');",
              "err": {},
              "uuid": "832efcd6-691a-4af8-97a6-c714113ce967",
              "parentUUID": "13d3a584-2c21-4ef8-8c87-eebf1ac298fe",
              "isHook": false,
              "skipped": false
            },
            {
              "title": ".parents() - get parent DOM elements from DOM elements",
              "fullTitle": "Traversal .parents() - get parent DOM elements from DOM elements",
              "timedOut": null,
              "duration": 333,
              "state": "passed",
              "speed": "slow",
              "pass": true,
              "fail": false,
              "pending": false,
              "context": "\"videos/2-advanced-examples/traversal.spec.js.mp4\"",
              "code": "// https://on.cypress.io/parents\ncy.get('.traversal-cite').parents().should('match', 'blockquote');",
              "err": {},
              "uuid": "f4fce431-5209-4a61-b914-2625d969185f",
              "parentUUID": "13d3a584-2c21-4ef8-8c87-eebf1ac298fe",
              "isHook": false,
              "skipped": false
            },
            {
              "title": ".parentsUntil() - get parent DOM elements from DOM elements until el",
              "fullTitle": "Traversal .parentsUntil() - get parent DOM elements from DOM elements until el",
              "timedOut": null,
              "duration": 368,
              "state": "passed",
              "speed": "slow",
              "pass": true,
              "fail": false,
              "pending": false,
              "context": "\"videos/2-advanced-examples/traversal.spec.js.mp4\"",
              "code": "// https://on.cypress.io/parentsuntil\ncy.get('.clothes-nav').find('.active').parentsUntil('.clothes-nav').should('have.length', 2);",
              "err": {},
              "uuid": "fb21dae2-f5da-43a1-bdfa-57a0fbaf7d52",
              "parentUUID": "13d3a584-2c21-4ef8-8c87-eebf1ac298fe",
              "isHook": false,
              "skipped": false
            },
            {
              "title": ".prev() - get previous sibling DOM element",
              "fullTitle": "Traversal .prev() - get previous sibling DOM element",
              "timedOut": null,
              "duration": 268,
              "state": "passed",
              "speed": "slow",
              "pass": true,
              "fail": false,
              "pending": false,
              "context": "\"videos/2-advanced-examples/traversal.spec.js.mp4\"",
              "code": "// https://on.cypress.io/prev\ncy.get('.birds').find('.active').prev().should('contain', 'Lorikeets');",
              "err": {},
              "uuid": "64fa2c46-d0b0-48a6-9e32-61d5a9939799",
              "parentUUID": "13d3a584-2c21-4ef8-8c87-eebf1ac298fe",
              "isHook": false,
              "skipped": false
            },
            {
              "title": ".prevAll() - get all previous sibling DOM elements",
              "fullTitle": "Traversal .prevAll() - get all previous sibling DOM elements",
              "timedOut": null,
              "duration": 277,
              "state": "passed",
              "speed": "slow",
              "pass": true,
              "fail": false,
              "pending": false,
              "context": "\"videos/2-advanced-examples/traversal.spec.js.mp4\"",
              "code": "// https://on.cypress.io/prevall\ncy.get('.fruits-list').find('.third').prevAll().should('have.length', 2);",
              "err": {},
              "uuid": "fb01d145-0408-4f11-bafa-ede3abef9b8e",
              "parentUUID": "13d3a584-2c21-4ef8-8c87-eebf1ac298fe",
              "isHook": false,
              "skipped": false
            },
            {
              "title": ".prevUntil() - get all previous sibling DOM elements until el",
              "fullTitle": "Traversal .prevUntil() - get all previous sibling DOM elements until el",
              "timedOut": null,
              "duration": 277,
              "state": "passed",
              "speed": "slow",
              "pass": true,
              "fail": false,
              "pending": false,
              "context": "\"videos/2-advanced-examples/traversal.spec.js.mp4\"",
              "code": "// https://on.cypress.io/prevuntil\ncy.get('.foods-list').find('#nuts').prevUntil('#veggies').should('have.length', 3);",
              "err": {},
              "uuid": "152e8be3-c71c-4ac0-bc1b-8e52c63c8cbe",
              "parentUUID": "13d3a584-2c21-4ef8-8c87-eebf1ac298fe",
              "isHook": false,
              "skipped": false
            },
            {
              "title": ".siblings() - get all sibling DOM elements",
              "fullTitle": "Traversal .siblings() - get all sibling DOM elements",
              "timedOut": null,
              "duration": 314,
              "state": "passed",
              "speed": "slow",
              "pass": true,
              "fail": false,
              "pending": false,
              "context": "\"videos/2-advanced-examples/traversal.spec.js.mp4\"",
              "code": "// https://on.cypress.io/siblings\ncy.get('.traversal-pills .active').siblings().should('have.length', 2);",
              "err": {},
              "uuid": "4e4f19d0-8fb5-4303-bbe5-b2691d9dbca4",
              "parentUUID": "13d3a584-2c21-4ef8-8c87-eebf1ac298fe",
              "isHook": false,
              "skipped": false
            }
          ],
          "suites": [],
          "passes": [
            "4300d366-26b9-4f09-a0c5-140b85cb5d8d",
            "b0569573-72c4-434a-9902-da352d3e26be",
            "0a35d9cf-2128-4aac-915d-a6963656d3ae",
            "bde0a8e3-cddb-4fcd-bc57-27d11cf32cb5",
            "d954e5ac-09e9-416f-8d62-1672748e0e4f",
            "2797d11a-a9a0-4e7d-9ee5-a17e5fcdbe40",
            "a241abbc-6f8e-4a5a-8abd-b415aa69921a",
            "5814c059-2979-4944-8244-eedc7e5a6b11",
            "55e2da50-6f1a-4782-a8e7-e300075dc925",
            "c6ce7ffa-6a68-4577-94eb-5537fe759945",
            "b1aa6fae-5010-4a89-8008-92c14c6d9c46",
            "832efcd6-691a-4af8-97a6-c714113ce967",
            "f4fce431-5209-4a61-b914-2625d969185f",
            "fb21dae2-f5da-43a1-bdfa-57a0fbaf7d52",
            "64fa2c46-d0b0-48a6-9e32-61d5a9939799",
            "fb01d145-0408-4f11-bafa-ede3abef9b8e",
            "152e8be3-c71c-4ac0-bc1b-8e52c63c8cbe",
            "4e4f19d0-8fb5-4303-bbe5-b2691d9dbca4"
          ],
          "failures": [],
          "pending": [],
          "skipped": [],
          "duration": 6310,
          "root": false,
          "rootEmpty": false,
          "_timeout": 2000
        }
      ],
      "passes": [],
      "failures": [],
      "pending": [],
      "skipped": [],
      "duration": 0,
      "root": true,
      "rootEmpty": true,
      "_timeout": 2000
    }
  ],
  "meta": {
    "mocha": {
      "version": "7.0.1"
    },
    "mochawesome": {
      "options": {
        "quiet": false,
        "reportFilename": "mochawesome",
        "saveHtml": false,
        "saveJson": true,
        "consoleReporter": "spec",
        "useInlineDiffs": false,
        "code": true
      },
      "version": "6.2.2"
    },
    "marge": {
      "options": {
        "id": "default",
        "reportDir": "cypress/reports/mocha",
        "overwrite": false,
        "html": false,
        "json": true
      },
      "version": "5.2.0"
    }
  }
}