{
  "stats": {
    "suites": 2,
    "tests": 8,
    "passes": 8,
    "pending": 0,
    "failures": 0,
    "start": "2021-08-03T10:18:49.000Z",
    "end": "2021-08-03T10:18:53.517Z",
    "duration": 4517,
    "testsRegistered": 8,
    "passPercent": 100,
    "pendingPercent": 0,
    "other": 0,
    "hasOther": false,
    "skipped": 0,
    "hasSkipped": false
  },
  "results": [
    {
      "uuid": "f84380fd-5fd7-498f-8101-a99a1d8007d5",
      "title": "",
      "fullFile": "cypress/integration/2-advanced-examples/connectors.spec.js",
      "file": "cypress/integration/2-advanced-examples/connectors.spec.js",
      "beforeHooks": [],
      "afterHooks": [],
      "tests": [],
      "suites": [
        {
          "uuid": "34eb7c1e-c53d-4c4e-ab39-1f51a5539e3d",
          "title": "Connectors",
          "fullFile": "",
          "file": "",
          "beforeHooks": [],
          "afterHooks": [],
          "tests": [
            {
              "title": ".each() - iterate over an array of elements",
              "fullTitle": "Connectors .each() - iterate over an array of elements",
              "timedOut": null,
              "duration": 564,
              "state": "passed",
              "speed": "slow",
              "pass": true,
              "fail": false,
              "pending": false,
              "context": "\"videos/2-advanced-examples/connectors.spec.js.mp4\"",
              "code": "// https://on.cypress.io/each\ncy.get('.connectors-each-ul>li').each(($el, index, $list) => {\n  console.log($el, index, $list);\n});",
              "err": {},
              "uuid": "15ce798d-2b0c-4509-b3c8-75be48991ae2",
              "parentUUID": "34eb7c1e-c53d-4c4e-ab39-1f51a5539e3d",
              "isHook": false,
              "skipped": false
            },
            {
              "title": ".its() - get properties on the current subject",
              "fullTitle": "Connectors .its() - get properties on the current subject",
              "timedOut": null,
              "duration": 287,
              "state": "passed",
              "speed": "slow",
              "pass": true,
              "fail": false,
              "pending": false,
              "context": "\"videos/2-advanced-examples/connectors.spec.js.mp4\"",
              "code": "// https://on.cypress.io/its\ncy.get('.connectors-its-ul>li') // calls the 'length' property yielding that value\n.its('length').should('be.gt', 2);",
              "err": {},
              "uuid": "ad38ff18-2897-4658-b50f-bb16ae4e8419",
              "parentUUID": "34eb7c1e-c53d-4c4e-ab39-1f51a5539e3d",
              "isHook": false,
              "skipped": false
            },
            {
              "title": ".invoke() - invoke a function on the current subject",
              "fullTitle": "Connectors .invoke() - invoke a function on the current subject",
              "timedOut": null,
              "duration": 297,
              "state": "passed",
              "speed": "slow",
              "pass": true,
              "fail": false,
              "pending": false,
              "context": "\"videos/2-advanced-examples/connectors.spec.js.mp4\"",
              "code": "// our div is hidden in our script.js\n// $('.connectors-div').hide()\n// https://on.cypress.io/invoke\ncy.get('.connectors-div').should('be.hidden') // call the jquery method 'show' on the 'div.container'\n.invoke('show').should('be.visible');",
              "err": {},
              "uuid": "1d80b72d-0720-447a-84ab-b7e5383e9c09",
              "parentUUID": "34eb7c1e-c53d-4c4e-ab39-1f51a5539e3d",
              "isHook": false,
              "skipped": false
            },
            {
              "title": ".spread() - spread an array as individual args to callback function",
              "fullTitle": "Connectors .spread() - spread an array as individual args to callback function",
              "timedOut": null,
              "duration": 268,
              "state": "passed",
              "speed": "slow",
              "pass": true,
              "fail": false,
              "pending": false,
              "context": "\"videos/2-advanced-examples/connectors.spec.js.mp4\"",
              "code": "// https://on.cypress.io/spread\nconst arr = ['foo', 'bar', 'baz'];\ncy.wrap(arr).spread((foo, bar, baz) => {\n  expect(foo).to.eq('foo');\n  expect(bar).to.eq('bar');\n  expect(baz).to.eq('baz');\n});",
              "err": {},
              "uuid": "f1111d83-c284-4277-b888-947aa5fcd9f5",
              "parentUUID": "34eb7c1e-c53d-4c4e-ab39-1f51a5539e3d",
              "isHook": false,
              "skipped": false
            }
          ],
          "suites": [
            {
              "uuid": "a0f19be8-ad21-43e1-ab52-d102daa399f6",
              "title": ".then()",
              "fullFile": "",
              "file": "",
              "beforeHooks": [],
              "afterHooks": [],
              "tests": [
                {
                  "title": "invokes a callback function with the current subject",
                  "fullTitle": "Connectors .then() invokes a callback function with the current subject",
                  "timedOut": null,
                  "duration": 214,
                  "state": "passed",
                  "speed": "slow",
                  "pass": true,
                  "fail": false,
                  "pending": false,
                  "context": "\"videos/2-advanced-examples/connectors.spec.js.mp4\"",
                  "code": "// https://on.cypress.io/then\ncy.get('.connectors-list > li').then($lis => {\n  expect($lis, '3 items').to.have.length(3);\n  expect($lis.eq(0), 'first item').to.contain('Walk the dog');\n  expect($lis.eq(1), 'second item').to.contain('Feed the cat');\n  expect($lis.eq(2), 'third item').to.contain('Write JavaScript');\n});",
                  "err": {},
                  "uuid": "7c87f71b-d714-4423-90e1-048b6b710328",
                  "parentUUID": "a0f19be8-ad21-43e1-ab52-d102daa399f6",
                  "isHook": false,
                  "skipped": false
                },
                {
                  "title": "yields the returned value to the next command",
                  "fullTitle": "Connectors .then() yields the returned value to the next command",
                  "timedOut": null,
                  "duration": 290,
                  "state": "passed",
                  "speed": "slow",
                  "pass": true,
                  "fail": false,
                  "pending": false,
                  "context": "\"videos/2-advanced-examples/connectors.spec.js.mp4\"",
                  "code": "cy.wrap(1).then(num => {\n  expect(num).to.equal(1);\n  return 2;\n}).then(num => {\n  expect(num).to.equal(2);\n});",
                  "err": {},
                  "uuid": "8f75b505-50e6-4b44-9fd4-69edfb36081e",
                  "parentUUID": "a0f19be8-ad21-43e1-ab52-d102daa399f6",
                  "isHook": false,
                  "skipped": false
                },
                {
                  "title": "yields the original subject without return",
                  "fullTitle": "Connectors .then() yields the original subject without return",
                  "timedOut": null,
                  "duration": 211,
                  "state": "passed",
                  "speed": "slow",
                  "pass": true,
                  "fail": false,
                  "pending": false,
                  "context": "\"videos/2-advanced-examples/connectors.spec.js.mp4\"",
                  "code": "cy.wrap(1).then(num => {\n  expect(num).to.equal(1); // note that nothing is returned from this callback\n}).then(num => {\n  // this callback receives the original unchanged value 1\n  expect(num).to.equal(1);\n});",
                  "err": {},
                  "uuid": "db354416-721f-4e0f-82e2-95d608ef5089",
                  "parentUUID": "a0f19be8-ad21-43e1-ab52-d102daa399f6",
                  "isHook": false,
                  "skipped": false
                },
                {
                  "title": "yields the value yielded by the last Cypress command inside",
                  "fullTitle": "Connectors .then() yields the value yielded by the last Cypress command inside",
                  "timedOut": null,
                  "duration": 263,
                  "state": "passed",
                  "speed": "slow",
                  "pass": true,
                  "fail": false,
                  "pending": false,
                  "context": "\"videos/2-advanced-examples/connectors.spec.js.mp4\"",
                  "code": "cy.wrap(1).then(num => {\n  expect(num).to.equal(1); // note how we run a Cypress command\n  // the result yielded by this Cypress command\n  // will be passed to the second \".then\"\n  cy.wrap(2);\n}).then(num => {\n  // this callback receives the value yielded by \"cy.wrap(2)\"\n  expect(num).to.equal(2);\n});",
                  "err": {},
                  "uuid": "d06e24f7-eefc-4121-8dff-07c75b7da898",
                  "parentUUID": "a0f19be8-ad21-43e1-ab52-d102daa399f6",
                  "isHook": false,
                  "skipped": false
                }
              ],
              "suites": [],
              "passes": [
                "7c87f71b-d714-4423-90e1-048b6b710328",
                "8f75b505-50e6-4b44-9fd4-69edfb36081e",
                "db354416-721f-4e0f-82e2-95d608ef5089",
                "d06e24f7-eefc-4121-8dff-07c75b7da898"
              ],
              "failures": [],
              "pending": [],
              "skipped": [],
              "duration": 978,
              "root": false,
              "rootEmpty": false,
              "_timeout": 2000
            }
          ],
          "passes": [
            "15ce798d-2b0c-4509-b3c8-75be48991ae2",
            "ad38ff18-2897-4658-b50f-bb16ae4e8419",
            "1d80b72d-0720-447a-84ab-b7e5383e9c09",
            "f1111d83-c284-4277-b888-947aa5fcd9f5"
          ],
          "failures": [],
          "pending": [],
          "skipped": [],
          "duration": 1416,
          "root": false,
          "rootEmpty": false,
          "_timeout": 2000
        }
      ],
      "passes": [],
      "failures": [],
      "pending": [],
      "skipped": [],
      "duration": 0,
      "root": true,
      "rootEmpty": true,
      "_timeout": 2000
    }
  ],
  "meta": {
    "mocha": {
      "version": "7.0.1"
    },
    "mochawesome": {
      "options": {
        "quiet": false,
        "reportFilename": "mochawesome",
        "saveHtml": false,
        "saveJson": true,
        "consoleReporter": "spec",
        "useInlineDiffs": false,
        "code": true
      },
      "version": "6.2.2"
    },
    "marge": {
      "options": {
        "id": "default",
        "reportDir": "cypress/results/json",
        "overwrite": false,
        "html": false,
        "json": true
      },
      "version": "5.2.0"
    }
  }
}